<?xml version="1.0" encoding="UTF-8"?>
<!-- Generated by org.testng.reporters.JUnitReportReporter -->
<testsuite hostname="LAPTOP-LRC93R60" failures="0" tests="4" name="Test1.VerifySignUpPopUpPage" time="0.000" errors="0" timestamp="2023-03-27T18:16:32 IST" skipped="4">
  <testcase classname="Test1.VerifySignUpPopUpPage" name="Test2" time="0.000">
    <skipped/>
  </testcase> <!-- Test2 -->
  <system-out/>
  <testcase classname="Test1.VerifySignUpPopUpPage" name="Test2" time="0.000">
    <skipped/>
  </testcase> <!-- Test2 -->
  <system-out/>
  <testcase classname="Test1.VerifySignUpPopUpPage" name="Test1" time="0.000">
    <skipped/>
  </testcase> <!-- Test1 -->
  <system-out/>
  <testcase classname="Test1.VerifySignUpPopUpPage" name="Test1" time="0.000">
    <skipped/>
  </testcase> <!-- Test1 -->
  <system-out/>
</testsuite> <!-- Test1.VerifySignUpPopUpPage -->
